<?xml version="1.0" encoding="UTF-8"?>
<!-- Generated by org.testng.reporters.JUnitReportReporter -->
<testsuite hostname="DESKTOP-IOI875F" failures="0" tests="3" name="Test.day4" time="0.004" errors="0" timestamp="2025-03-18T22:39:20 IST" skipped="0">
  <testcase classname="Test.day4" name="WebloginHomeLoan" time="0.001"/>
  <testcase classname="Test.day4" name="LoginAPIHomeLoan" time="0.002"/>
  <testcase classname="Test.day4" name="MobileLoginHomeLoan" time="0.001"/>
</testsuite> <!-- Test.day4 -->
