<?xml version="1.0" encoding="UTF-8"?>
<!-- Generated by org.testng.reporters.JUnitReportReporter -->
<testsuite hostname="DESKTOP-IOI875F" failures="0" tests="6" name="Test.day3" time="0.023" errors="0" timestamp="2025-03-18T22:39:20 IST" skipped="0">
  <testcase classname="Test.day3" name="MobilesignoutcarLoan" time="0.005"/>
  <testcase classname="Test.day3" name="MobileLogincarLoan" time="0.007"/>
  <testcase classname="Test.day3" name="MobilesignoutcarLoan" time="0.002"/>
  <testcase classname="Test.day3" name="WebloginCarLoan" time="0.003"/>
  <testcase classname="Test.day3" name="MobilesignoutcarLoan" time="0.003"/>
  <testcase classname="Test.day3" name="MobilesignincarLoan" time="0.003"/>
</testsuite> <!-- Test.day3 -->
