<?xml version="1.0" encoding="UTF-8"?>
<!-- Generated by org.testng.reporters.JUnitReportReporter -->
<testsuite hostname="DESKTOP-IOI875F" failures="0" tests="1" name="Test.day2" time="0.001" errors="0" timestamp="2025-03-18T22:39:20 IST" skipped="0">
  <testcase classname="Test.day2" name="ploan" time="0.001"/>
</testsuite> <!-- Test.day2 -->
